

*******************************************************************************
Tue May 30 10:48:52 2017


FIT:    data read from "Results/Isocora.txt" u 3:1:4
        format = x:z:s
        #datapoints = 7
function used for fitting: f(x)
	f(x) = a+b*x
BREAK: Need via and either parameter list or file

*******************************************************************************
Tue May 30 10:48:57 2017


FIT:    data read from "Results/Isocora.txt" u 3:1:4
        format = x:z:s
        #datapoints = 7
function used for fitting: f(x)
	f(x) = a+b*x
fitted parameters initialized with current variable values

iter      chisq       delta/lim  lambda   a             b            
   0 2.6471996420e+07   0.00e+00  1.38e+03    1.000000e+00   1.000000e+00
   5 2.6089985850e-01  -2.97e-05  1.38e-02    1.040721e+00   3.537035e-03

After 5 iterations the fit converged.
final sum of squares of residuals : 0.2609
rel. change during last iteration : -2.97265e-10

degrees of freedom    (FIT_NDF)                        : 5
rms of residuals      (FIT_STDFIT) = sqrt(WSSR/ndf)    : 0.228429
variance of residuals (reduced chisquare) = WSSR/ndf   : 0.05218
p-value of the Chisq distribution (FIT_P)              : 0.998314

Final set of parameters            Asymptotic Standard Error
=======================            ==========================
a               = 1.04072          +/- 0.001832     (0.176%)
b               = 0.00353704       +/- 9.37e-05     (2.649%)

correlation matrix of the fit parameters:
                a      b      
a               1.000 
b              -0.882  1.000 


*******************************************************************************
Tue May 30 11:03:32 2017


FIT:    data read from "Data/ErroriSistematici/IsocoraFinale.txt" u 1:3
        format = x:z
        #datapoints = 17
        residuals are weighted equally (unit weight)

function used for fitting: f(x)
	f(x) = a+b*x
fitted parameters initialized with current variable values

iter      chisq       delta/lim  lambda   a             b            
   0 2.2520669114e+03   0.00e+00  7.36e-01    1.040721e+00   3.537035e-03
   7 2.4227127145e+00  -7.66e-03  7.36e-08   -2.619085e+02   2.517624e+02

After 7 iterations the fit converged.
final sum of squares of residuals : 2.42271
rel. change during last iteration : -7.66062e-08

degrees of freedom    (FIT_NDF)                        : 15
rms of residuals      (FIT_STDFIT) = sqrt(WSSR/ndf)    : 0.401888
variance of residuals (reduced chisquare) = WSSR/ndf   : 0.161514

Final set of parameters            Asymptotic Standard Error
=======================            ==========================
a               = -261.908         +/- 4.578        (1.748%)
b               = 251.762          +/- 4.223        (1.677%)

correlation matrix of the fit parameters:
                a      b      
a               1.000 
b              -1.000  1.000 


*******************************************************************************
Tue May 30 11:04:44 2017


FIT:    data read from "Data/ErroriSistematici/IsocoraFinale.txt" u 1:(($3)+273.15)
        format = x:z
        #datapoints = 17
        residuals are weighted equally (unit weight)

function used for fitting: f(x)
	f(x) = a+b*x
fitted parameters initialized with current variable values

iter      chisq       delta/lim  lambda   a             b            
   0 1.2683881052e+06   0.00e+00  2.67e+02   -2.619085e+02   2.517624e+02
   5 2.4227127145e+00  -1.44e-04  2.67e-03    1.124152e+01   2.517624e+02

After 5 iterations the fit converged.
final sum of squares of residuals : 2.42271
rel. change during last iteration : -1.44325e-09

degrees of freedom    (FIT_NDF)                        : 15
rms of residuals      (FIT_STDFIT) = sqrt(WSSR/ndf)    : 0.401888
variance of residuals (reduced chisquare) = WSSR/ndf   : 0.161514

Final set of parameters            Asymptotic Standard Error
=======================            ==========================
a               = 11.2415          +/- 4.578        (40.72%)
b               = 251.762          +/- 4.223        (1.677%)

correlation matrix of the fit parameters:
                a      b      
a               1.000 
b              -1.000  1.000 
